Run actions/checkout@v3
Checked out main branch
Run python -m pip install --upgrade pip
Requirement already satisfied: pip in /usr/local/lib/python3.11/site-packages (23.0)
Installing dependencies from requirements.txt
Collecting requests
  Downloading requests-2.31.0-py3-none-any.whl
Installing collected packages: requests
Successfully installed requests-2.31.0
Run pytest tests/ --maxfail=1 --disable-warnings -q
============================= test session starts =============================
platform darwin -- Python 3.11.6, pytest-7.4.2
collected 10 items

tests/test_main.py .                                                [ 10%]
tests/test_utils.py F                                                [ 20%]
...
=========================== short test summary info ===========================
FAILED tests/test_utils.py::test_helper_function - AssertionError: 5 != 10
========================= 1 failed, 9 passed ==============================
Run docker build -t myapp:latest .
Sending build context to Docker daemon  12.29MB
Step 1/5 : FROM python:3.11-slim
 ---> a2b3c4d5
Step 2/5 : COPY . /app
Step 3/5 : WORKDIR /app
Step 4/5 : RUN pip install -r requirements.txt
Step 5/5 : CMD ["python", "app.py"]
Successfully built myapp:latest
Run flake8 .
./app/main.py:15:1: F401 'os' imported but unused
./app/utils.py:10:1: F841 local variable 'x' is assigned but never used
black --check .
would reformat 3 files
